  union_variant.cpp
C:\Program Files\Microsoft Visual Studio\2022\Enterprise\VC\Tools\MSVC\14.38.33130\include\variant(12): warning STL4038: The contents of <variant> are available only with C++17 or later.
D:\UserData\z004e8pt\OneDrive - Siemens AG\workspace\C++Advance\Day_3\union_variant\union_variant.cpp(30,10): error C2039: 'variant': is not a member of 'std'
  C:\Program Files\Microsoft Visual Studio\2022\Enterprise\VC\Tools\MSVC\14.38.33130\include\iostream(18,1):
  see declaration of 'std'
  
D:\UserData\z004e8pt\OneDrive - Siemens AG\workspace\C++Advance\Day_3\union_variant\union_variant.cpp(30,10): error C2065: 'variant': undeclared identifier
D:\UserData\z004e8pt\OneDrive - Siemens AG\workspace\C++Advance\Day_3\union_variant\union_variant.cpp(30,19): error C2062: type 'int' unexpected
D:\UserData\z004e8pt\OneDrive - Siemens AG\workspace\C++Advance\Day_3\union_variant\union_variant.cpp(31,49): error C2065: 'vv': undeclared identifier
D:\UserData\z004e8pt\OneDrive - Siemens AG\workspace\C++Advance\Day_3\union_variant\union_variant.cpp(32,51): error C2065: 'vv': undeclared identifier
D:\UserData\z004e8pt\OneDrive - Siemens AG\workspace\C++Advance\Day_3\union_variant\union_variant.cpp(34,10): error C2039: 'variant': is not a member of 'std'
  C:\Program Files\Microsoft Visual Studio\2022\Enterprise\VC\Tools\MSVC\14.38.33130\include\iostream(18,1):
  see declaration of 'std'
  
D:\UserData\z004e8pt\OneDrive - Siemens AG\workspace\C++Advance\Day_3\union_variant\union_variant.cpp(34,10): error C2065: 'variant': undeclared identifier
D:\UserData\z004e8pt\OneDrive - Siemens AG\workspace\C++Advance\Day_3\union_variant\union_variant.cpp(34,18): error C2062: type 'int' unexpected
D:\UserData\z004e8pt\OneDrive - Siemens AG\workspace\C++Advance\Day_3\union_variant\union_variant.cpp(34,40): error C2143: syntax error: missing ';' before '{'
D:\UserData\z004e8pt\OneDrive - Siemens AG\workspace\C++Advance\Day_3\union_variant\union_variant.cpp(34,46): error C2143: syntax error: missing ';' before '}'
D:\UserData\z004e8pt\OneDrive - Siemens AG\workspace\C++Advance\Day_3\union_variant\union_variant.cpp(34,47): error C2059: syntax error: ','
D:\UserData\z004e8pt\OneDrive - Siemens AG\workspace\C++Advance\Day_3\union_variant\union_variant.cpp(36,15): error C2143: syntax error: missing ';' before '<<'
D:\UserData\z004e8pt\OneDrive - Siemens AG\workspace\C++Advance\Day_3\union_variant\union_variant.cpp(36,15): error C4430: missing type specifier - int assumed. Note: C++ does not support default-int
D:\UserData\z004e8pt\OneDrive - Siemens AG\workspace\C++Advance\Day_3\union_variant\union_variant.cpp(36,10): error C2371: 'std::cout': redefinition; different basic types
  C:\Program Files\Microsoft Visual Studio\2022\Enterprise\VC\Tools\MSVC\14.38.33130\include\iostream(39,75):
  see declaration of 'std::cout'
  
D:\UserData\z004e8pt\OneDrive - Siemens AG\workspace\C++Advance\Day_3\union_variant\union_variant.cpp(36,15): error C2059: syntax error: '<<'
D:\UserData\z004e8pt\OneDrive - Siemens AG\workspace\C++Advance\Day_3\union_variant\union_variant.cpp(37,15): error C2143: syntax error: missing ';' before '<<'
D:\UserData\z004e8pt\OneDrive - Siemens AG\workspace\C++Advance\Day_3\union_variant\union_variant.cpp(37,15): error C4430: missing type specifier - int assumed. Note: C++ does not support default-int
D:\UserData\z004e8pt\OneDrive - Siemens AG\workspace\C++Advance\Day_3\union_variant\union_variant.cpp(37,10): error C2371: 'std::cout': redefinition; different basic types
  C:\Program Files\Microsoft Visual Studio\2022\Enterprise\VC\Tools\MSVC\14.38.33130\include\iostream(39,75):
  see declaration of 'std::cout'
  
D:\UserData\z004e8pt\OneDrive - Siemens AG\workspace\C++Advance\Day_3\union_variant\union_variant.cpp(37,15): error C2059: syntax error: '<<'
D:\UserData\z004e8pt\OneDrive - Siemens AG\workspace\C++Advance\Day_3\union_variant\union_variant.cpp(38,15): error C2143: syntax error: missing ';' before '<<'
D:\UserData\z004e8pt\OneDrive - Siemens AG\workspace\C++Advance\Day_3\union_variant\union_variant.cpp(38,15): error C4430: missing type specifier - int assumed. Note: C++ does not support default-int
D:\UserData\z004e8pt\OneDrive - Siemens AG\workspace\C++Advance\Day_3\union_variant\union_variant.cpp(38,10): error C2371: 'std::cout': redefinition; different basic types
  C:\Program Files\Microsoft Visual Studio\2022\Enterprise\VC\Tools\MSVC\14.38.33130\include\iostream(39,75):
  see declaration of 'std::cout'
  
D:\UserData\z004e8pt\OneDrive - Siemens AG\workspace\C++Advance\Day_3\union_variant\union_variant.cpp(38,15): error C2059: syntax error: '<<'
D:\UserData\z004e8pt\OneDrive - Siemens AG\workspace\C++Advance\Day_3\union_variant\union_variant.cpp(39,15): error C2143: syntax error: missing ';' before '<<'
D:\UserData\z004e8pt\OneDrive - Siemens AG\workspace\C++Advance\Day_3\union_variant\union_variant.cpp(39,15): error C4430: missing type specifier - int assumed. Note: C++ does not support default-int
D:\UserData\z004e8pt\OneDrive - Siemens AG\workspace\C++Advance\Day_3\union_variant\union_variant.cpp(39,10): error C2371: 'std::cout': redefinition; different basic types
  C:\Program Files\Microsoft Visual Studio\2022\Enterprise\VC\Tools\MSVC\14.38.33130\include\iostream(39,75):
  see declaration of 'std::cout'
  
D:\UserData\z004e8pt\OneDrive - Siemens AG\workspace\C++Advance\Day_3\union_variant\union_variant.cpp(39,15): error C2059: syntax error: '<<'
D:\UserData\z004e8pt\OneDrive - Siemens AG\workspace\C++Advance\Day_3\union_variant\union_variant.cpp(40,15): error C2143: syntax error: missing ';' before '<<'
D:\UserData\z004e8pt\OneDrive - Siemens AG\workspace\C++Advance\Day_3\union_variant\union_variant.cpp(40,15): error C4430: missing type specifier - int assumed. Note: C++ does not support default-int
D:\UserData\z004e8pt\OneDrive - Siemens AG\workspace\C++Advance\Day_3\union_variant\union_variant.cpp(40,10): error C2371: 'std::cout': redefinition; different basic types
  C:\Program Files\Microsoft Visual Studio\2022\Enterprise\VC\Tools\MSVC\14.38.33130\include\iostream(39,75):
  see declaration of 'std::cout'
  
D:\UserData\z004e8pt\OneDrive - Siemens AG\workspace\C++Advance\Day_3\union_variant\union_variant.cpp(40,15): error C2059: syntax error: '<<'
D:\UserData\z004e8pt\OneDrive - Siemens AG\workspace\C++Advance\Day_3\union_variant\union_variant.cpp(42,22): error C2187: syntax error: 'std' was unexpected here
D:\UserData\z004e8pt\OneDrive - Siemens AG\workspace\C++Advance\Day_3\union_variant\union_variant.cpp(42,34): error C2059: syntax error: '<'
D:\UserData\z004e8pt\OneDrive - Siemens AG\workspace\C++Advance\Day_3\union_variant\union_variant.cpp(43,16): error C4430: missing type specifier - int assumed. Note: C++ does not support default-int
D:\UserData\z004e8pt\OneDrive - Siemens AG\workspace\C++Advance\Day_3\union_variant\union_variant.cpp(43,13): error C2146: syntax error: missing ';' before identifier 'var'
D:\UserData\z004e8pt\OneDrive - Siemens AG\workspace\C++Advance\Day_3\union_variant\union_variant.cpp(44,11): error C4430: missing type specifier - int assumed. Note: C++ does not support default-int
D:\UserData\z004e8pt\OneDrive - Siemens AG\workspace\C++Advance\Day_3\union_variant\union_variant.cpp(44,9): error C2440: 'initializing': cannot convert from 'const char [7]' to 'int'
  D:\UserData\z004e8pt\OneDrive - Siemens AG\workspace\C++Advance\Day_3\union_variant\union_variant.cpp(44,9):
  There is no context in which this conversion is possible
  
D:\UserData\z004e8pt\OneDrive - Siemens AG\workspace\C++Advance\Day_3\union_variant\union_variant.cpp(45,15): error C2143: syntax error: missing ';' before '<<'
D:\UserData\z004e8pt\OneDrive - Siemens AG\workspace\C++Advance\Day_3\union_variant\union_variant.cpp(45,15): error C4430: missing type specifier - int assumed. Note: C++ does not support default-int
D:\UserData\z004e8pt\OneDrive - Siemens AG\workspace\C++Advance\Day_3\union_variant\union_variant.cpp(45,10): error C2371: 'std::cout': redefinition; different basic types
  C:\Program Files\Microsoft Visual Studio\2022\Enterprise\VC\Tools\MSVC\14.38.33130\include\iostream(39,75):
  see declaration of 'std::cout'
  
D:\UserData\z004e8pt\OneDrive - Siemens AG\workspace\C++Advance\Day_3\union_variant\union_variant.cpp(45,15): error C2059: syntax error: '<<'
D:\UserData\z004e8pt\OneDrive - Siemens AG\workspace\C++Advance\Day_3\union_variant\union_variant.cpp(48,11): error C4430: missing type specifier - int assumed. Note: C++ does not support default-int
D:\UserData\z004e8pt\OneDrive - Siemens AG\workspace\C++Advance\Day_3\union_variant\union_variant.cpp(48,5): error C2374: 'var': redefinition; multiple initialization
  D:\UserData\z004e8pt\OneDrive - Siemens AG\workspace\C++Advance\Day_3\union_variant\union_variant.cpp(44,5):
  see declaration of 'var'
  
D:\UserData\z004e8pt\OneDrive - Siemens AG\workspace\C++Advance\Day_3\union_variant\union_variant.cpp(49,15): error C2143: syntax error: missing ';' before '<<'
D:\UserData\z004e8pt\OneDrive - Siemens AG\workspace\C++Advance\Day_3\union_variant\union_variant.cpp(49,15): error C4430: missing type specifier - int assumed. Note: C++ does not support default-int
D:\UserData\z004e8pt\OneDrive - Siemens AG\workspace\C++Advance\Day_3\union_variant\union_variant.cpp(49,10): error C2371: 'std::cout': redefinition; different basic types
  C:\Program Files\Microsoft Visual Studio\2022\Enterprise\VC\Tools\MSVC\14.38.33130\include\iostream(39,75):
  see declaration of 'std::cout'
  
D:\UserData\z004e8pt\OneDrive - Siemens AG\workspace\C++Advance\Day_3\union_variant\union_variant.cpp(49,15): error C2059: syntax error: '<<'
D:\UserData\z004e8pt\OneDrive - Siemens AG\workspace\C++Advance\Day_3\union_variant\union_variant.cpp(53,5): error C2059: syntax error: 'return'
D:\UserData\z004e8pt\OneDrive - Siemens AG\workspace\C++Advance\Day_3\union_variant\union_variant.cpp(56,1): error C2059: syntax error: '}'
D:\UserData\z004e8pt\OneDrive - Siemens AG\workspace\C++Advance\Day_3\union_variant\union_variant.cpp(56,1): error C2143: syntax error: missing ';' before '}'
