  Mutex_Pro.cpp
D:\UserData\z004e8pt\OneDrive - Siemens AG\workspace\C++Advance\Day_4\Mutex_Pro\Mutex_Pro.cpp(77,13): error C4430: missing type specifier - int assumed. Note: C++ does not support default-int
D:\UserData\z004e8pt\OneDrive - Siemens AG\workspace\C++Advance\Day_4\Mutex_Pro\Mutex_Pro.cpp(77,5): error C2146: syntax error: missing ';' before identifier 'context'
