  Basic_Thread.cpp
D:\UserData\z004e8pt\OneDrive - Siemens AG\workspace\C++Advance\Day_4\Basic_Thread\Basic_Thread.cpp(75,13): error C4430: missing type specifier - int assumed. Note: C++ does not support default-int
D:\UserData\z004e8pt\OneDrive - Siemens AG\workspace\C++Advance\Day_4\Basic_Thread\Basic_Thread.cpp(75,5): error C2146: syntax error: missing ';' before identifier 'context'
