  Lambda_HigherOrder.cpp
D:\UserData\z004e8pt\OneDrive - Siemens AG\workspace\C++Advance\Day_3\Lambda_HigherOrder\Lambda_HigherOrder.cpp(44,13): error C4430: missing type specifier - int assumed. Note: C++ does not support default-int
D:\UserData\z004e8pt\OneDrive - Siemens AG\workspace\C++Advance\Day_3\Lambda_HigherOrder\Lambda_HigherOrder.cpp(44,5): error C2146: syntax error: missing ';' before identifier 'context'
